<?xml version="1.0" encoding="UTF-8"?>
<!-- Generated by org.testng.reporters.JUnitXMLReporter -->
<testsuite hostname="DESKTOP-GM5SIE8" ignored="0" name="Test" tests="34" failures="1" timestamp="2023-02-17T18:28:30 IST" time="826.411" errors="0">
  <testcase name="Userpagetitle" time="0.521" classname="com.jbk.test.JBKtestcases2"/>
  <testcase name="contentcheck" time="0.707" classname="com.jbk.test.JBKtestcases2"/>
  <testcase name="headermatch" time="0.21" classname="com.jbk.test.JBKtestcases2"/>
  <testcase name="logoutclickpagetitle" time="0.288" classname="com.jbk.test.JBKtestcases2"/>
  <testcase name="morelinkopen" time="0.268" classname="com.jbk.test.JBKtestcases2"/>
  <testcase name="subcontentcheck" time="0.644" classname="com.jbk.test.JBKtestcases2"/>
  <testcase name="headerboxtitlecheck" time="0.18" classname="com.jbk.test.JBKtestcase5"/>
  <testcase name="placementlabeltitlecheck" time="0.916" classname="com.jbk.test.JBKtestcase5"/>
  <testcase name="schedulelinklabeltitlecheck" time="13.083" classname="com.jbk.test.JBKtestcase5"/>
  <testcase name="tablenamecheck" time="0.757" classname="com.jbk.test.JBKtestcase5"/>
  <testcase name="titlecheck" time="1.899" classname="com.jbk.test.JBKtestcase5"/>
  <testcase name="videolecturelabeltitle" time="145.568" classname="com.jbk.test.JBKtestcase5"/>
  <testcase name="test01" time="0.626" classname="com.jbk.test.JBKtestcase6"/>
  <testcase name="test02" time="1.505" classname="com.jbk.test.JBKtestcase6">
    <failure type="java.lang.AssertionError" message="expected [true] but found [false]">
      <![CDATA[java.lang.AssertionError: expected [true] but found [false]
at com.jbk.test.JBKtestcase6.test02(JBKtestcase6.java:37)
at java.util.ArrayList.forEach(ArrayList.java:1249)
... Removed 31 stack frames]]>
    </failure>
  </testcase> <!-- test02 -->
  <testcase name="test03" time="0.824" classname="com.jbk.test.JBKtestcase6"/>
  <testcase name="test04" time="0.273" classname="com.jbk.test.JBKtestcase6"/>
  <testcase name="JBKlogo" time="0.405" classname="com.jbk.test.JBKtestcases"/>
  <testcase name="Registerdlink" time="0.216" classname="com.jbk.test.JBKtestcases"/>
  <testcase name="emailerrormsg" time="3.029" classname="com.jbk.test.JBKtestcases"/>
  <testcase name="invalidcredentials" time="1.607" classname="com.jbk.test.JBKtestcases"/>
  <testcase name="passworderrormsg" time="0.471" classname="com.jbk.test.JBKtestcases"/>
  <testcase name="validcredential" time="3.669" classname="com.jbk.test.JBKtestcases"/>
  <testcase name="addusertitle" time="1.495" classname="com.jbk.test.JBKtestcase3"/>
  <testcase name="deletelabel" time="0.874" classname="com.jbk.test.JBKtestcase3"/>
  <testcase name="invalidcreduser" time="0.078" classname="com.jbk.test.JBKtestcase3"/>
  <testcase name="invalidonlymobi" time="0.139" classname="com.jbk.test.JBKtestcase3"/>
  <testcase name="tabelheading" time="0.214" classname="com.jbk.test.JBKtestcase3"/>
  <testcase name="titlecheck" time="0.196" classname="com.jbk.test.JBKtestcase3"/>
  <testcase name="Weekoperator" time="0.007" classname="com.jbk.test.JBKtestcase4"/>
  <testcase name="Whatsappuser" time="0.19" classname="com.jbk.test.JBKtestcase4"/>
  <testcase name="checktablename" time="0.63" classname="com.jbk.test.JBKtestcase4"/>
  <testcase name="headercheck" time="0.053" classname="com.jbk.test.JBKtestcase4"/>
  <testcase name="onlytechnicaloperator" time="0.296" classname="com.jbk.test.JBKtestcase4"/>
  <testcase name="titlematch" time="0.308" classname="com.jbk.test.JBKtestcase4"/>
</testsuite> <!-- Test -->
