<?xml version="1.0" encoding="UTF-8"?>
<testng-results skipped="0" failed="0" ignored="0" total="1" passed="1">
  <reporter-output>
  </reporter-output>
  <suite name="Default suite" duration-ms="690" started-at="2023-03-06T16:16:01Z" finished-at="2023-03-06T16:16:01Z">
    <groups>
    </groups>
    <test name="Default test" duration-ms="690" started-at="2023-03-06T16:16:01Z" finished-at="2023-03-06T16:16:01Z">
      <class name="com.tests.Dashboardpgtest">
        <test-method status="PASS" signature="setup()[pri:0, instance:com.tests.Dashboardpgtest@30b7c004]" name="setup" is-config="true" duration-ms="20342" started-at="2023-03-06T16:15:40Z" finished-at="2023-03-06T16:16:01Z">
          <reporter-output>
          </reporter-output>
        </test-method> <!-- setup -->
        <test-method status="PASS" signature="test01()[pri:0, instance:com.tests.Dashboardpgtest@30b7c004]" name="test01" duration-ms="28" started-at="2023-03-06T16:16:01Z" finished-at="2023-03-06T16:16:01Z">
          <reporter-output>
          </reporter-output>
        </test-method> <!-- test01 -->
      </class> <!-- com.tests.Dashboardpgtest -->
    </test> <!-- Default test -->
  </suite> <!-- Default suite -->
</testng-results>
