<?xml version="1.0" encoding="UTF-8"?>
<!-- Generated by org.testng.reporters.JUnitXMLReporter -->
<testsuite hostname="DESKTOP-GM5SIE8" ignored="0" name="Test" tests="3" failures="0" timestamp="2023-03-07T20:06:59 IST" time="0.323" errors="0">
  <testcase name="test01" time="0.083" classname="com.tests.Dashboardpgtest"/>
  <testcase name="test01" time="0.013" classname="com.tests.LoginTest"/>
  <testcase name="test01" time="0.013" classname="com.tests.Userpagetestcase"/>
</testsuite> <!-- Test -->
