<?xml version="1.0" encoding="UTF-8"?>
<!-- Generated by org.testng.reporters.JUnitXMLReporter -->
<testsuite hostname="DESKTOP-GM5SIE8" ignored="0" name="Default test" tests="6" failures="0" timestamp="2023-02-15T23:17:53 IST" time="77.333" errors="0">
  <testcase name="headerboxtitlecheck" time="0.144" classname="com.jbk.test.JBKtestcase5"/>
  <testcase name="placementlabeltitlecheck" time="0.293" classname="com.jbk.test.JBKtestcase5"/>
  <testcase name="schedulelinklabeltitlecheck" time="0.426" classname="com.jbk.test.JBKtestcase5"/>
  <testcase name="tablenamecheck" time="0.232" classname="com.jbk.test.JBKtestcase5"/>
  <testcase name="titlecheck" time="0.34" classname="com.jbk.test.JBKtestcase5"/>
  <testcase name="videolecturelabeltitle" time="0.257" classname="com.jbk.test.JBKtestcase5"/>
</testsuite> <!-- Default test -->
