<?xml version="1.0" encoding="UTF-8"?>
<testng-results skipped="0" failed="0" ignored="0" total="3" passed="3">
  <reporter-output>
  </reporter-output>
  <suite name="Suite" duration-ms="585" started-at="2023-03-07T19:32:38 IST" finished-at="2023-03-07T19:32:39 IST">
    <groups>
    </groups>
    <test name="Test" duration-ms="585" started-at="2023-03-07T19:32:38 IST" finished-at="2023-03-07T19:32:39 IST">
      <class name="com.tests.Dashboardpgtest">
        <test-method status="PASS" signature="setup()[pri:0, instance:com.tests.Dashboardpgtest@df27fae]" name="setup" is-config="true" duration-ms="11358" started-at="2023-03-07T19:32:13 IST" finished-at="2023-03-07T19:32:24 IST">
          <reporter-output>
          </reporter-output>
        </test-method> <!-- setup -->
        <test-method status="PASS" signature="test01()[pri:0, instance:com.tests.Dashboardpgtest@df27fae]" name="test01" duration-ms="27" started-at="2023-03-07T19:32:39 IST" finished-at="2023-03-07T19:32:39 IST">
          <reporter-output>
          </reporter-output>
        </test-method> <!-- test01 -->
      </class> <!-- com.tests.Dashboardpgtest -->
      <class name="com.tests.LoginTest">
        <test-method status="PASS" signature="setup()[pri:0, instance:com.tests.LoginTest@5c18298f]" name="setup" is-config="true" duration-ms="6228" started-at="2023-03-07T19:32:24 IST" finished-at="2023-03-07T19:32:30 IST">
          <reporter-output>
          </reporter-output>
        </test-method> <!-- setup -->
        <test-method status="PASS" signature="test01()[pri:0, instance:com.tests.LoginTest@5c18298f]" name="test01" duration-ms="9" started-at="2023-03-07T19:32:39 IST" finished-at="2023-03-07T19:32:39 IST">
          <reporter-output>
          </reporter-output>
        </test-method> <!-- test01 -->
      </class> <!-- com.tests.LoginTest -->
      <class name="com.tests.Userpagetestcase">
        <test-method status="PASS" signature="setup()[pri:0, instance:com.tests.Userpagetestcase@31f924f5]" name="setup" is-config="true" duration-ms="8008" started-at="2023-03-07T19:32:30 IST" finished-at="2023-03-07T19:32:38 IST">
          <reporter-output>
          </reporter-output>
        </test-method> <!-- setup -->
        <test-method status="PASS" signature="test01()[pri:0, instance:com.tests.Userpagetestcase@31f924f5]" name="test01" duration-ms="10" started-at="2023-03-07T19:32:39 IST" finished-at="2023-03-07T19:32:39 IST">
          <reporter-output>
          </reporter-output>
        </test-method> <!-- test01 -->
      </class> <!-- com.tests.Userpagetestcase -->
    </test> <!-- Test -->
  </suite> <!-- Suite -->
</testng-results>
