<?xml version="1.0" encoding="UTF-8"?>
<testng-results skipped="0" failed="0" ignored="0" total="3" passed="3">
  <reporter-output>
  </reporter-output>
  <suite name="Suite" duration-ms="323" started-at="2023-03-07T20:06:58 IST" finished-at="2023-03-07T20:06:59 IST">
    <groups>
    </groups>
    <test name="Test" duration-ms="323" started-at="2023-03-07T20:06:58 IST" finished-at="2023-03-07T20:06:59 IST">
      <class name="com.tests.Dashboardpgtest">
        <test-method status="PASS" signature="setup()[pri:0, instance:com.tests.Dashboardpgtest@4c762604]" name="setup" is-config="true" duration-ms="29416" started-at="2023-03-07T20:05:57 IST" finished-at="2023-03-07T20:06:27 IST">
          <reporter-output>
          </reporter-output>
        </test-method> <!-- setup -->
        <test-method status="PASS" signature="test01()[pri:0, instance:com.tests.Dashboardpgtest@4c762604]" name="test01" duration-ms="83" started-at="2023-03-07T20:06:58 IST" finished-at="2023-03-07T20:06:58 IST">
          <reporter-output>
          </reporter-output>
        </test-method> <!-- test01 -->
      </class> <!-- com.tests.Dashboardpgtest -->
      <class name="com.tests.LoginTest">
        <test-method status="PASS" signature="setup()[pri:0, instance:com.tests.LoginTest@2f0a87b3]" name="setup" is-config="true" duration-ms="15221" started-at="2023-03-07T20:06:27 IST" finished-at="2023-03-07T20:06:42 IST">
          <reporter-output>
          </reporter-output>
        </test-method> <!-- setup -->
        <test-method status="PASS" signature="test01()[pri:0, instance:com.tests.LoginTest@2f0a87b3]" name="test01" duration-ms="13" started-at="2023-03-07T20:06:58 IST" finished-at="2023-03-07T20:06:58 IST">
          <reporter-output>
          </reporter-output>
        </test-method> <!-- test01 -->
      </class> <!-- com.tests.LoginTest -->
      <class name="com.tests.Userpagetestcase">
        <test-method status="PASS" signature="setup()[pri:0, instance:com.tests.Userpagetestcase@319b92f3]" name="setup" is-config="true" duration-ms="16053" started-at="2023-03-07T20:06:42 IST" finished-at="2023-03-07T20:06:58 IST">
          <reporter-output>
          </reporter-output>
        </test-method> <!-- setup -->
        <test-method status="PASS" signature="test01()[pri:0, instance:com.tests.Userpagetestcase@319b92f3]" name="test01" duration-ms="13" started-at="2023-03-07T20:06:58 IST" finished-at="2023-03-07T20:06:58 IST">
          <reporter-output>
          </reporter-output>
        </test-method> <!-- test01 -->
      </class> <!-- com.tests.Userpagetestcase -->
    </test> <!-- Test -->
  </suite> <!-- Suite -->
</testng-results>
