<?xml version="1.0" encoding="UTF-8"?>
<!-- Generated by org.testng.reporters.JUnitXMLReporter -->
<testsuite hostname="DESKTOP-GM5SIE8" ignored="0" name="Test" tests="2" failures="1" timestamp="05 Mar 2023 07:06:59 GMT" time="0.502" errors="0">
  <testcase name="@BeforeSuite setup" time="0.262" classname="com.tests.LoginTest">
    <failure type="java.lang.IllegalStateException" message="The driver executable does not exist: C:\Users\User\git\Hydbridframwork\com.Hybdrid225\driver1\geckodriver.exe">
      <![CDATA[java.lang.IllegalStateException: The driver executable does not exist: C:\Users\User\git\Hydbridframwork\com.Hybdrid225\driver1\geckodriver.exe
at com.google.common.base.Preconditions.checkState(Preconditions.java:585)
at org.openqa.selenium.remote.service.DriverService.checkExecutable(DriverService.java:146)
at org.openqa.selenium.remote.service.DriverService.findExecutable(DriverService.java:141)
at org.openqa.selenium.firefox.GeckoDriverService.access$100(GeckoDriverService.java:44)
at org.openqa.selenium.firefox.GeckoDriverService$Builder.findDefaultExecutable(GeckoDriverService.java:167)
at org.openqa.selenium.remote.service.DriverService$Builder.build(DriverService.java:355)
at org.openqa.selenium.firefox.FirefoxDriver.toExecutor(FirefoxDriver.java:190)
at org.openqa.selenium.firefox.FirefoxDriver.<init>(FirefoxDriver.java:147)
at org.openqa.selenium.firefox.FirefoxDriver.<init>(FirefoxDriver.java:125)
at com.base.BaseClass.initialization(BaseClass.java:33)
at com.tests.LoginTest.setup(LoginTest.java:15)
... Removed 20 stack frames]]>
    </failure>
  </testcase> <!-- @BeforeSuite setup -->
  <testcase name="test01" time="0.0" classname="com.tests.LoginTest">
    <skipped/>
  </testcase> <!-- test01 -->
  <testcase name="test01" time="0.021" classname="com.tests.LoginTest">
    <failure type="java.lang.NullPointerException">
      <![CDATA[java.lang.NullPointerException
at com.listeners.MyListener.onTestSkipped(MyListener.java:36)
... Removed 23 stack frames]]>
    </failure>
  </testcase> <!-- test01 -->
</testsuite> <!-- Test -->
